<?xml version="1.0" encoding="utf-8"?>
<TestRun id="a6f5fcdc-8768-4a2e-a9eb-c49918197908" name="@thinkpad 2021-05-10 13:30:21" xmlns="http://microsoft.com/schemas/VisualStudio/TeamTest/2010">
  <Times creation="2021-05-10T13:30:21.2870704-05:00" queuing="2021-05-10T13:30:21.2870705-05:00" start="2021-05-10T13:30:19.5206439-05:00" finish="2021-05-10T13:30:21.3032576-05:00" />
  <TestSettings name="default" id="a8a66ed7-1190-40be-845c-e1c6cd5a95ca">
    <Deployment runDeploymentRoot="_thinkpad_2021-05-10_13_30_21" />
  </TestSettings>
  <Results>
    <UnitTestResult executionId="f545a50c-111d-484d-9dcb-f57fd1b25d3c" testId="815659ec-1cdb-b4d1-0486-97830690aed9" testName="PizzaBox.Testing.Tests.PizzaTests.Test_PizzaConstructor" computerName="thinkpad" duration="00:00:00.0027052" startTime="2021-05-10T13:30:21.1564791-05:00" endTime="2021-05-10T13:30:21.1566337-05:00" testType="13cdc9d9-ddb5-4fa4-a97d-d965ccfc6d4b" outcome="Passed" testListId="8c84fa94-04c1-424b-9868-57a2d4851a1d" relativeResultsDirectory="f545a50c-111d-484d-9dcb-f57fd1b25d3c" />
  </Results>
  <TestDefinitions>
    <UnitTest name="PizzaBox.Testing.Tests.PizzaTests.Test_PizzaConstructor" storage="/home/fred/revature/project_pizzabox_web/pizzabox.testing/bin/debug/net5.0/pizzabox.testing.dll" id="815659ec-1cdb-b4d1-0486-97830690aed9">
      <Execution id="f545a50c-111d-484d-9dcb-f57fd1b25d3c" />
      <TestMethod codeBase="/home/fred/revature/project_pizzabox_web/PizzaBox.Testing/bin/Debug/net5.0/PizzaBox.Testing.dll" adapterTypeName="executor://xunit/VsTestRunner2/netcoreapp" className="PizzaBox.Testing.Tests.PizzaTests" name="Test_PizzaConstructor" />
    </UnitTest>
  </TestDefinitions>
  <TestEntries>
    <TestEntry testId="815659ec-1cdb-b4d1-0486-97830690aed9" executionId="f545a50c-111d-484d-9dcb-f57fd1b25d3c" testListId="8c84fa94-04c1-424b-9868-57a2d4851a1d" />
  </TestEntries>
  <TestLists>
    <TestList name="Results Not in a List" id="8c84fa94-04c1-424b-9868-57a2d4851a1d" />
    <TestList name="All Loaded Results" id="19431567-8539-422a-85d7-44ee4e166bda" />
  </TestLists>
  <ResultSummary outcome="Completed">
    <Counters total="1" executed="1" passed="1" failed="0" error="0" timeout="0" aborted="0" inconclusive="0" passedButRunAborted="0" notRunnable="0" notExecuted="0" disconnected="0" warning="0" completed="0" inProgress="0" pending="0" />
    <Output>
      <StdOut>[xUnit.net 00:00:00.00] xUnit.net VSTest Adapter v2.4.3+1b45f5407b (64-bit .NET 5.0.5)
[xUnit.net 00:00:00.73]   Discovering: PizzaBox.Testing
[xUnit.net 00:00:00.78]   Discovered:  PizzaBox.Testing
[xUnit.net 00:00:00.78]   Starting:    PizzaBox.Testing
[xUnit.net 00:00:00.87]   Finished:    PizzaBox.Testing
</StdOut>
    </Output>
  </ResultSummary>
</TestRun>