<?xml version="1.0" encoding="utf-8"?>
<TestRun id="3f0b1464-7a7f-4c82-a3b5-5be7c781c368" name="@thinkpad 2021-05-10 12:32:11" xmlns="http://microsoft.com/schemas/VisualStudio/TeamTest/2010">
  <Times creation="2021-05-10T12:32:11.0232422-05:00" queuing="2021-05-10T12:32:11.0232423-05:00" start="2021-05-10T12:32:10.0665944-05:00" finish="2021-05-10T12:32:11.0298438-05:00" />
  <TestSettings name="default" id="d47dcbeb-5af5-47ea-9f3f-94d284a6b332">
    <Deployment runDeploymentRoot="_thinkpad_2021-05-10_12_32_11" />
  </TestSettings>
  <Results>
    <UnitTestResult executionId="738d7c5a-cf81-40db-813b-f1deace976d8" testId="815659ec-1cdb-b4d1-0486-97830690aed9" testName="PizzaBox.Testing.Tests.PizzaTests.Test_PizzaConstructor" computerName="thinkpad" duration="00:00:00.0022614" startTime="2021-05-10T12:32:10.9336805-05:00" endTime="2021-05-10T12:32:10.9337388-05:00" testType="13cdc9d9-ddb5-4fa4-a97d-d965ccfc6d4b" outcome="Passed" testListId="8c84fa94-04c1-424b-9868-57a2d4851a1d" relativeResultsDirectory="738d7c5a-cf81-40db-813b-f1deace976d8" />
  </Results>
  <TestDefinitions>
    <UnitTest name="PizzaBox.Testing.Tests.PizzaTests.Test_PizzaConstructor" storage="/home/fred/revature/project_pizzabox_web/pizzabox.testing/bin/debug/net5.0/pizzabox.testing.dll" id="815659ec-1cdb-b4d1-0486-97830690aed9">
      <Execution id="738d7c5a-cf81-40db-813b-f1deace976d8" />
      <TestMethod codeBase="/home/fred/revature/project_pizzabox_web/PizzaBox.Testing/bin/Debug/net5.0/PizzaBox.Testing.dll" adapterTypeName="executor://xunit/VsTestRunner2/netcoreapp" className="PizzaBox.Testing.Tests.PizzaTests" name="Test_PizzaConstructor" />
    </UnitTest>
  </TestDefinitions>
  <TestEntries>
    <TestEntry testId="815659ec-1cdb-b4d1-0486-97830690aed9" executionId="738d7c5a-cf81-40db-813b-f1deace976d8" testListId="8c84fa94-04c1-424b-9868-57a2d4851a1d" />
  </TestEntries>
  <TestLists>
    <TestList name="Results Not in a List" id="8c84fa94-04c1-424b-9868-57a2d4851a1d" />
    <TestList name="All Loaded Results" id="19431567-8539-422a-85d7-44ee4e166bda" />
  </TestLists>
  <ResultSummary outcome="Completed">
    <Counters total="1" executed="1" passed="1" failed="0" error="0" timeout="0" aborted="0" inconclusive="0" passedButRunAborted="0" notRunnable="0" notExecuted="0" disconnected="0" warning="0" completed="0" inProgress="0" pending="0" />
    <Output>
      <StdOut>[xUnit.net 00:00:00.00] xUnit.net VSTest Adapter v2.4.3+1b45f5407b (64-bit .NET 5.0.5)
[xUnit.net 00:00:00.38]   Discovering: PizzaBox.Testing
[xUnit.net 00:00:00.40]   Discovered:  PizzaBox.Testing
[xUnit.net 00:00:00.40]   Starting:    PizzaBox.Testing
[xUnit.net 00:00:00.46]   Finished:    PizzaBox.Testing
</StdOut>
    </Output>
  </ResultSummary>
</TestRun>